Using pre-set license
Built from '2022.3/staging' branch; Version is '2022.3.26f1 (ec6cd8118806) revision 15494360'; Using compiler version '192829333'; Build Type 'Release'
OS: 'Windows 11  (10.0.22631) 64bit Professional' Language: 'en' Physical Memory: 32632 MB
BatchMode: 1, IsHumanControllingUs: 0, StartBugReporterOnCrash: 0, Is64bit: 1, IsPro: 1

COMMAND LINE ARGUMENTS:
C:\Program Files\Unity\Hub\Editor\2022.3.26f1\Editor\Unity.exe
-adb2
-batchMode
-noUpm
-name
AssetImportWorker1
-projectPath
C:/Users/k10lab-p4/Documents/GitHub/FPSSHOOTERPROTOTPYE
-logFile
Logs/AssetImportWorker1.log
-srvPort
65006
Successfully changed project path to: C:/Users/k10lab-p4/Documents/GitHub/FPSSHOOTERPROTOTPYE
C:/Users/k10lab-p4/Documents/GitHub/FPSSHOOTERPROTOTPYE
[UnityMemory] Configuration Parameters - Can be set up in boot.config
    "memorysetup-bucket-allocator-granularity=16"
    "memorysetup-bucket-allocator-bucket-count=8"
    "memorysetup-bucket-allocator-block-size=33554432"
    "memorysetup-bucket-allocator-block-count=8"
    "memorysetup-main-allocator-block-size=16777216"
    "memorysetup-thread-allocator-block-size=16777216"
    "memorysetup-gfx-main-allocator-block-size=16777216"
    "memorysetup-gfx-thread-allocator-block-size=16777216"
    "memorysetup-cache-allocator-block-size=4194304"
    "memorysetup-typetree-allocator-block-size=2097152"
    "memorysetup-profiler-bucket-allocator-granularity=16"
    "memorysetup-profiler-bucket-allocator-bucket-count=8"
    "memorysetup-profiler-bucket-allocator-block-size=33554432"
    "memorysetup-profiler-bucket-allocator-block-count=8"
    "memorysetup-profiler-allocator-block-size=16777216"
    "memorysetup-profiler-editor-allocator-block-size=1048576"
    "memorysetup-temp-allocator-size-main=16777216"
    "memorysetup-job-temp-allocator-block-size=2097152"
    "memorysetup-job-temp-allocator-block-size-background=1048576"
    "memorysetup-job-temp-allocator-reduction-small-platforms=262144"
    "memorysetup-allocator-temp-initial-block-size-main=262144"
    "memorysetup-allocator-temp-initial-block-size-worker=262144"
    "memorysetup-temp-allocator-size-background-worker=32768"
    "memorysetup-temp-allocator-size-job-worker=262144"
    "memorysetup-temp-allocator-size-preload-manager=33554432"
    "memorysetup-temp-allocator-size-nav-mesh-worker=65536"
    "memorysetup-temp-allocator-size-audio-worker=65536"
    "memorysetup-temp-allocator-size-cloud-worker=32768"
    "memorysetup-temp-allocator-size-gi-baking-worker=262144"
    "memorysetup-temp-allocator-size-gfx=262144"
Player connection [26288] Host "[IP] 10.120.100.192 [Port] 0 [Flags] 2 [Guid] 925203446 [EditorId] 925203446 [Version] 1048832 [Id] WindowsEditor(7,WHS-K10-37) [Debug] 1 [PackageName] WindowsEditor [ProjectName] Editor" joined multi-casting on [225.0.0.222:54997]...

Player connection [26288] Host "[IP] 10.120.100.192 [Port] 0 [Flags] 2 [Guid] 925203446 [EditorId] 925203446 [Version] 1048832 [Id] WindowsEditor(7,WHS-K10-37) [Debug] 1 [PackageName] WindowsEditor [ProjectName] Editor" joined alternative multi-casting on [225.0.0.222:34997]...

[Physics::Module] Initialized MultithreadedJobDispatcher with 15 workers.
Refreshing native plugins compatible for Editor in 23.51 ms, found 3 plugins.
Preloading 0 native plugins for Editor in 0.00 ms.
Initialize engine version: 2022.3.26f1 (ec6cd8118806)
[Subsystems] Discovering subsystems at path C:/Program Files/Unity/Hub/Editor/2022.3.26f1/Editor/Data/Resources/UnitySubsystems
[Subsystems] Discovering subsystems at path C:/Users/k10lab-p4/Documents/GitHub/FPSSHOOTERPROTOTPYE/Assets
GfxDevice: creating device client; threaded=0; jobified=0
Direct3D:
    Version:  Direct3D 11.0 [level 11.1]
    Renderer: NVIDIA GeForce RTX 3080 (ID=0x2206)
    Vendor:   NVIDIA
    VRAM:     10078 MB
    Driver:   30.0.14.7262
Initialize mono
Mono path[0] = 'C:/Program Files/Unity/Hub/Editor/2022.3.26f1/Editor/Data/Managed'
Mono path[1] = 'C:/Program Files/Unity/Hub/Editor/2022.3.26f1/Editor/Data/MonoBleedingEdge/lib/mono/unityjit-win32'
Mono config path = 'C:/Program Files/Unity/Hub/Editor/2022.3.26f1/Editor/Data/MonoBleedingEdge/etc'
Using monoOptions --debugger-agent=transport=dt_socket,embedding=1,server=y,suspend=n,address=127.0.0.1:56948
Begin MonoManager ReloadAssembly
Registering precompiled unity dll's ...
Register platform support module: C:/Program Files/Unity/Hub/Editor/2022.3.26f1/Editor/Data/PlaybackEngines/WindowsStandaloneSupport/UnityEditor.WindowsStandalone.Extensions.dll
Registered in 0.010589 seconds.
- Loaded All Assemblies, in  0.385 seconds
Native extension for WindowsStandalone target not found
Mono: successfully reloaded assembly
- Finished resetting the current domain, in  0.232 seconds
Domain Reload Profiling: 614ms
	BeginReloadAssembly (143ms)
		ExecutionOrderSort (0ms)
		DisableScriptedObjects (0ms)
		BackupInstance (0ms)
		ReleaseScriptingObjects (0ms)
		CreateAndSetChildDomain (1ms)
	RebuildCommonClasses (31ms)
	RebuildNativeTypeToScriptingClass (9ms)
	initialDomainReloadingComplete (59ms)
	LoadAllAssembliesAndSetupDomain (139ms)
		LoadAssemblies (141ms)
		RebuildTransferFunctionScriptingTraits (0ms)
		AnalyzeDomain (137ms)
			TypeCache.Refresh (136ms)
				TypeCache.ScanAssembly (122ms)
			ScanForSourceGeneratedMonoScriptInfo (0ms)
			ResolveRequiredComponents (0ms)
	FinalizeReload (232ms)
		ReleaseScriptCaches (0ms)
		RebuildScriptCaches (0ms)
		SetupLoadedEditorAssemblies (182ms)
			LogAssemblyErrors (0ms)
			InitializePlatformSupportModulesInManaged (8ms)
			SetLoadedEditorAssemblies (6ms)
			RefreshPlugins (0ms)
			BeforeProcessingInitializeOnLoad (2ms)
			ProcessInitializeOnLoadAttributes (125ms)
			ProcessInitializeOnLoadMethodAttributes (42ms)
			AfterProcessingInitializeOnLoad (0ms)
			EditorAssembliesLoaded (0ms)
		ExecutionOrderSort2 (0ms)
		AwakeInstancesAfterBackupRestoration (0ms)
========================================================================
Worker process is ready to serve import requests
Begin MonoManager ReloadAssembly
- Loaded All Assemblies, in  1.001 seconds
Refreshing native plugins compatible for Editor in 9.27 ms, found 3 plugins.
Native extension for WindowsStandalone target not found
Package Manager log level set to [2]
[Package Manager] Server::EnsureServerProcessIsRunning -- launch failed, reason: Unity was launched with the -noUpm command-line argument
[Package Manager] UpmClient::Send -- Unable to send message (not connected to UPM process).
[Package Manager] Cannot connect to Unity Package Manager local server
Mono: successfully reloaded assembly
- Finished resetting the current domain, in  0.521 seconds
Domain Reload Profiling: 1519ms
	BeginReloadAssembly (172ms)
		ExecutionOrderSort (0ms)
		DisableScriptedObjects (5ms)
		BackupInstance (0ms)
		ReleaseScriptingObjects (0ms)
		CreateAndSetChildDomain (18ms)
	RebuildCommonClasses (39ms)
	RebuildNativeTypeToScriptingClass (9ms)
	initialDomainReloadingComplete (41ms)
	LoadAllAssembliesAndSetupDomain (737ms)
		LoadAssemblies (681ms)
		RebuildTransferFunctionScriptingTraits (0ms)
		AnalyzeDomain (171ms)
			TypeCache.Refresh (150ms)
				TypeCache.ScanAssembly (135ms)
			ScanForSourceGeneratedMonoScriptInfo (14ms)
			ResolveRequiredComponents (5ms)
	FinalizeReload (522ms)
		ReleaseScriptCaches (0ms)
		RebuildScriptCaches (0ms)
		SetupLoadedEditorAssemblies (387ms)
			LogAssemblyErrors (0ms)
			InitializePlatformSupportModulesInManaged (5ms)
			SetLoadedEditorAssemblies (4ms)
			RefreshPlugins (0ms)
			BeforeProcessingInitializeOnLoad (53ms)
			ProcessInitializeOnLoadAttributes (300ms)
			ProcessInitializeOnLoadMethodAttributes (18ms)
			AfterProcessingInitializeOnLoad (7ms)
			EditorAssembliesLoaded (0ms)
		ExecutionOrderSort2 (0ms)
		AwakeInstancesAfterBackupRestoration (6ms)
Launched and connected shader compiler UnityShaderCompiler.exe after 0.06 seconds
Refreshing native plugins compatible for Editor in 10.35 ms, found 3 plugins.
Preloading 0 native plugins for Editor in 0.00 ms.
Unloading 3108 Unused Serialized files (Serialized files now loaded: 0)
Unloading 33 unused Assets / (57.5 KB). Loaded Objects now: 3573.
Memory consumption went from 122.8 MB to 122.7 MB.
Total: 2.850900 ms (FindLiveObjects: 0.279000 ms CreateObjectMapping: 0.262100 ms MarkObjects: 2.217400 ms  DeleteObjects: 0.091100 ms)

AssetImportParameters requested are different than current active one (requested -> active):
  custom:container-demuxer-ogg: 62fdf1f143b41e24485cea50d1cbac27 -> 
  custom:video-codec-MediaFoundation-h265: 746d11721c4dcdbdad8f713fa42b33f4 -> 
  custom:video-decoder-ogg-theora: a1e56fd34408186e4bbccfd4996cb3dc -> 
  custom:framework-win-MediaFoundation: 216162199b28c13a410421893ffa2e32 -> 
  custom:CustomObjectIndexerAttribute: 9a22284fe3817be447336de3de66b15e -> 
  custom:container-demuxer-webm: 4f35f7cbe854078d1ac9338744f61a02 -> 
  custom:container-muxer-webm: aa71ff27fc2769a1b78a27578f13a17b -> 
  custom:video-decoder-webm-vp8: 9c59270c3fd7afecdb556c50c9e8de78 -> 
  custom:SearchIndexIgnoredProperties: e643bd26f0fe6173181afceb89e7c659 -> 
  custom:AudioImporter_EditorPlatform: d09bf68614088b80899f8185d706f6e7 -> 
  custom:video-encoder-webm-vp8: eb34c28f22e8b96e1ab97ce403110664 -> 
  custom:audio-decoder-ogg-vorbis: bf7c407c2cedff20999df2af8eb42d56 -> 
  custom:audio-encoder-webm-vorbis: bf7c407c2cedff20999df2af8eb42d56 -> 
========================================================================
Received Import Request.
  Time since last request: 364600.300621 seconds.
  path: Assets/Ball Pack/Models/Materials/EyeBall.mat
  artifactKey: Guid(574a32f1fd43e0e498988286b3eeb64b) Importer(815301076,1909f56bfc062723c751e8b465ee728b)
Start importing Assets/Ball Pack/Models/Materials/EyeBall.mat using Guid(574a32f1fd43e0e498988286b3eeb64b) Importer(815301076,1909f56bfc062723c751e8b465ee728b)  -> (artifact id: '20306b32caae06c201b29a3d27f30a45') in 0.233520 seconds
Number of updated asset objects reloaded before import = 0
Number of asset objects unloaded after import = 2
========================================================================
Received Import Request.
  Time since last request: 0.000036 seconds.
  path: Assets/nappin/Weapon Props Softpack/Materials/(Mat)GradientWaterDarkGreen_Reflective.mat
  artifactKey: Guid(e7344223e551ef64c9a8968977fde5f9) Importer(815301076,1909f56bfc062723c751e8b465ee728b)
Start importing Assets/nappin/Weapon Props Softpack/Materials/(Mat)GradientWaterDarkGreen_Reflective.mat using Guid(e7344223e551ef64c9a8968977fde5f9) Importer(815301076,1909f56bfc062723c751e8b465ee728b)  -> (artifact id: '68cf4d4e1a79a115316a560056e5823b') in 0.020983 seconds
Number of updated asset objects reloaded before import = 0
Number of asset objects unloaded after import = 2
========================================================================
Received Import Request.
  Time since last request: 0.000018 seconds.
  path: Assets/nappin/Weapon Props Softpack/Materials/(Mat)GradientDirtyGreen.mat
  artifactKey: Guid(b83ad303755fdf04e95b1ffaacc7525a) Importer(815301076,1909f56bfc062723c751e8b465ee728b)
Start importing Assets/nappin/Weapon Props Softpack/Materials/(Mat)GradientDirtyGreen.mat using Guid(b83ad303755fdf04e95b1ffaacc7525a) Importer(815301076,1909f56bfc062723c751e8b465ee728b)  -> (artifact id: '3136b81d64cb0ced3415de969cfac8bc') in 0.016908 seconds
Number of updated asset objects reloaded before import = 0
Number of asset objects unloaded after import = 2
========================================================================
Received Import Request.
  Time since last request: 0.000014 seconds.
  path: Assets/Ball Pack/Models/Materials/BuckyBall.mat
  artifactKey: Guid(031501c1b2b84414d819f1b449251dd4) Importer(815301076,1909f56bfc062723c751e8b465ee728b)
Start importing Assets/Ball Pack/Models/Materials/BuckyBall.mat using Guid(031501c1b2b84414d819f1b449251dd4) Importer(815301076,1909f56bfc062723c751e8b465ee728b)  -> (artifact id: 'cb67767c64b396d391ed5f2a939dd8b9') in 0.010792 seconds
Number of updated asset objects reloaded before import = 0
Number of asset objects unloaded after import = 1
========================================================================
Received Import Request.
  Time since last request: 0.000013 seconds.
  path: Assets/nappin/Weapon Props Softpack/Materials/(Mat)DeepBlack.mat
  artifactKey: Guid(3930d9ec8c44ef94eabe41ec10d041c8) Importer(815301076,1909f56bfc062723c751e8b465ee728b)
Start importing Assets/nappin/Weapon Props Softpack/Materials/(Mat)DeepBlack.mat using Guid(3930d9ec8c44ef94eabe41ec10d041c8) Importer(815301076,1909f56bfc062723c751e8b465ee728b)  -> (artifact id: '92bbd802ee26b8d1a28ca65950970134') in 0.010815 seconds
Number of updated asset objects reloaded before import = 0
Number of asset objects unloaded after import = 1
========================================================================
Received Import Request.
  Time since last request: 0.000057 seconds.
  path: Assets/nappin/Weapon Props Softpack/Materials/(Mat)GradientDirtyLightGreen.mat
  artifactKey: Guid(27e0e39576d4aeb4a985f21acece0518) Importer(815301076,1909f56bfc062723c751e8b465ee728b)
Start importing Assets/nappin/Weapon Props Softpack/Materials/(Mat)GradientDirtyLightGreen.mat using Guid(27e0e39576d4aeb4a985f21acece0518) Importer(815301076,1909f56bfc062723c751e8b465ee728b)  -> (artifact id: '2dc56b1b047dbcb854b300b3e420c37f') in 0.015582 seconds
Number of updated asset objects reloaded before import = 0
Number of asset objects unloaded after import = 2
========================================================================
Received Import Request.
  Time since last request: 0.000018 seconds.
  path: Assets/nappin/Weapon Props Softpack/Materials/(Mat)GradientBlue.mat
  artifactKey: Guid(f5bb4d45bda905f428fc97c3ff5ba569) Importer(815301076,1909f56bfc062723c751e8b465ee728b)
Start importing Assets/nappin/Weapon Props Softpack/Materials/(Mat)GradientBlue.mat using Guid(f5bb4d45bda905f428fc97c3ff5ba569) Importer(815301076,1909f56bfc062723c751e8b465ee728b)  -> (artifact id: '963d54f02bd8607b4cfeb5384377cd28') in 0.011203 seconds
Number of updated asset objects reloaded before import = 0
Number of asset objects unloaded after import = 2
========================================================================
Received Import Request.
  Time since last request: 0.000013 seconds.
  path: Assets/Ball Pack/Models/Materials/AtomBall-AtomSphere.mat
  artifactKey: Guid(5c353f7057da35640bdff38d63dda4d8) Importer(815301076,1909f56bfc062723c751e8b465ee728b)
Start importing Assets/Ball Pack/Models/Materials/AtomBall-AtomSphere.mat using Guid(5c353f7057da35640bdff38d63dda4d8) Importer(815301076,1909f56bfc062723c751e8b465ee728b)  -> (artifact id: '72608e51a375d835ca27f936b2dcca08') in 0.090845 seconds
Number of updated asset objects reloaded before import = 0
Number of asset objects unloaded after import = 1
========================================================================
Received Import Request.
  Time since last request: 0.000016 seconds.
  path: Assets/Ball Pack/Models/Materials/SpikeBall.mat
  artifactKey: Guid(056d79484fff9e84dafaa83f1d7ccbb1) Importer(815301076,1909f56bfc062723c751e8b465ee728b)
Start importing Assets/Ball Pack/Models/Materials/SpikeBall.mat using Guid(056d79484fff9e84dafaa83f1d7ccbb1) Importer(815301076,1909f56bfc062723c751e8b465ee728b)  -> (artifact id: 'd95bea73591b61e2bbf02e5f1e381246') in 0.011307 seconds
Number of updated asset objects reloaded before import = 0
Number of asset objects unloaded after import = 2
========================================================================
Received Import Request.
  Time since last request: 0.000014 seconds.
  path: Assets/nappin/Weapon Props Softpack/Materials/(Mat)GradientBlack_Reflective.mat
  artifactKey: Guid(be7c047c679fa8d4db2a2e2cd0adf14e) Importer(815301076,1909f56bfc062723c751e8b465ee728b)
Start importing Assets/nappin/Weapon Props Softpack/Materials/(Mat)GradientBlack_Reflective.mat using Guid(be7c047c679fa8d4db2a2e2cd0adf14e) Importer(815301076,1909f56bfc062723c751e8b465ee728b)  -> (artifact id: 'f5b763f7b3dd38979e3768c1d990b655') in 0.015393 seconds
Number of updated asset objects reloaded before import = 0
Number of asset objects unloaded after import = 2
Editor requested this worker to shutdown with reason: Scaling down because of idle timeout
TcpMessagingSession - receive error: operation aborted. errorcode: 995, details: The I/O operation has been aborted because of either a thread exit or an application request.
AssetImportWorker is now disconnected from the server
Process exiting
Exiting without the bug reporter. Application will terminate with return code 0